<?xml version="1.0" encoding="UTF-8"?>
<!-- Generated by org.testng.reporters.JUnitXMLReporter -->
<testsuite ignored="0" hostname="NATARAJAN" failures="0" tests="7" name="IeTest" time="0.079" errors="0" timestamp="2020-10-28T20:20:15 SGT">
  <testcase classname="TestNG.Sample1" name="test1" time="0.011"/>
  <testcase classname="TestNG.Sample1" name="test2" time="0.001"/>
  <testcase classname="TestNG.Sample1" name="test2" time="0.001"/>
  <testcase classname="TestNG.Sample1" name="test2" time="0.002"/>
  <testcase classname="TestNG.Sample1" name="test2" time="0.002"/>
  <testcase classname="TestNG.Sample1" name="test2" time="0.001"/>
  <testcase classname="TestNG.Sample1" name="test3" time="0.001"/>
</testsuite> <!-- IeTest -->
